Using pre-set license
Built from '2020.3/staging' branch; Version is '2020.3.3f1 (76626098c1c4) revision 7758432'; Using compiler version '192528614'; Build Type 'Release'
OS: 'Windows 10 Home; OS build 19041.1083; Version 2004; 64bit' Language: 'en' Physical Memory: 16333 MB
BatchMode: 1, IsHumanControllingUs: 0, StartBugReporterOnCrash: 0, Is64bit: 1, IsPro: 0

 COMMAND LINE ARGUMENTS:
D:\Unity\Editors\2020.3.3f1\Editor\Unity.exe
-adb2
-batchMode
-noUpm
-name
AssetImportWorker1
-projectPath
D:/Unity/Projects/UnityChallenge
-logFile
Logs/AssetImportWorker1.log
-srvPort
56972
Successfully changed project path to: D:/Unity/Projects/UnityChallenge
D:/Unity/Projects/UnityChallenge
Using Asset Import Pipeline V2.
Refreshing native plugins compatible for Editor in 84.37 ms, found 0 plugins.
Preloading 0 native plugins for Editor in 0.00 ms.
Initialize engine version: 2020.3.3f1 (76626098c1c4)
[Subsystems] Discovering subsystems at path D:/Unity/Editors/2020.3.3f1/Editor/Data/Resources/UnitySubsystems
[Subsystems] Discovering subsystems at path D:/Unity/Projects/UnityChallenge/Assets
GfxDevice: creating device client; threaded=0
Direct3D:
    Version:  Direct3D 11.0 [level 11.1]
    Renderer: NVIDIA GeForce RTX 2080 (ID=0x1e82)
    Vendor:   
    VRAM:     8010 MB
    Driver:   27.21.14.6192
Shader 'Universal Render Pipeline/Particles/Lit': fallback shader 'Universal Render Pipeline/Particles/SimpleLit' not found
Initialize mono
Mono path[0] = 'D:/Unity/Editors/2020.3.3f1/Editor/Data/Managed'
Mono path[1] = 'D:/Unity/Editors/2020.3.3f1/Editor/Data/MonoBleedingEdge/lib/mono/unityjit'
Mono config path = 'D:/Unity/Editors/2020.3.3f1/Editor/Data/MonoBleedingEdge/etc'
Using monoOptions --debugger-agent=transport=dt_socket,embedding=1,server=y,suspend=n,address=127.0.0.1:56068
Begin MonoManager ReloadAssembly
Registering precompiled unity dll's ...
Register platform support module: D:/Unity/Editors/2020.3.3f1/Editor/Data/PlaybackEngines/WebGLSupport/UnityEditor.WebGL.Extensions.dll
Register platform support module: D:/Unity/Editors/2020.3.3f1/Editor/Data/PlaybackEngines/MacStandaloneSupport/UnityEditor.OSXStandalone.Extensions.dll
Register platform support module: D:/Unity/Editors/2020.3.3f1/Editor/Data/PlaybackEngines/WindowsStandaloneSupport/UnityEditor.WindowsStandalone.Extensions.dll
Register platform support module: D:/Unity/Editors/2020.3.3f1/Editor/Data/PlaybackEngines/LinuxStandaloneSupport/UnityEditor.LinuxStandalone.Extensions.dll
Registered in 0.006714 seconds.
Native extension for LinuxStandalone target not found
Native extension for WindowsStandalone target not found
Native extension for OSXStandalone target not found
Native extension for WebGL target not found
Refreshing native plugins compatible for Editor in 83.04 ms, found 0 plugins.
Preloading 0 native plugins for Editor in 0.00 ms.
Invoked RoslynAnalysisRunner static constructor.
RoslynAnalysisRunner will not be running.
RoslynAnalysisRunner has terminated.
Mono: successfully reloaded assembly
- Completed reload, in  1.512 seconds
Platform modules already initialized, skipping
Registering precompiled user dll's ...
Registered in 0.006767 seconds.
Begin MonoManager ReloadAssembly
Native extension for LinuxStandalone target not found
Native extension for WindowsStandalone target not found
Native extension for OSXStandalone target not found
Native extension for WebGL target not found
Refreshing native plugins compatible for Editor in 73.24 ms, found 0 plugins.
Preloading 0 native plugins for Editor in 0.00 ms.
Invoked RoslynAnalysisRunner static constructor.
RoslynAnalysisRunner will not be running.
RoslynAnalysisRunner has terminated.
Refreshing native plugins compatible for Editor in 0.80 ms, found 0 plugins.
Mono: successfully reloaded assembly
- Completed reload, in  1.221 seconds
Platform modules already initialized, skipping
========================================================================
Worker process is ready to serve import requests
Shader 'Universal Render Pipeline/Particles/Lit': fallback shader 'Universal Render Pipeline/Particles/SimpleLit' not found
Launched and connected shader compiler UnityShaderCompiler.exe after 0.14 seconds
Refreshing native plugins compatible for Editor in 0.57 ms, found 0 plugins.
Preloading 0 native plugins for Editor in 0.00 ms.
Unloading 2815 Unused Serialized files (Serialized files now loaded: 0)
System memory in use before: 116.1 MB.
System memory in use after: 116.3 MB.

Unloading 36 unused Assets to reduce memory usage. Loaded Objects now: 3242.
Total: 2.569400 ms (FindLiveObjects: 0.419200 ms CreateObjectMapping: 0.074200 ms MarkObjects: 1.990700 ms  DeleteObjects: 0.084100 ms)

========================================================================
Received Import Request.
  path: Assets/Scripts/Characters/CharacterAccessories.cs
  artifactKey: Guid(2d3602e240a7c92419a5f52841329955) Importer(815301076,1909f56bfc062723c751e8b465ee728b)
Start importing Assets/Scripts/Characters/CharacterAccessories.cs using Guid(2d3602e240a7c92419a5f52841329955) Importer(815301076,1909f56bfc062723c751e8b465ee728b)  -> (artifact id: 'db528607719c5f577345fe327f3f99b7') in 0.072092 seconds
  Import took 0.076218 seconds .

========================================================================
Received Import Request.
  Time since last request: 0.000175 seconds.
  path: Assets/Scripts/Characters/RestartRunning.cs
  artifactKey: Guid(dc875dc5de77ff64a99457345f14c040) Importer(815301076,1909f56bfc062723c751e8b465ee728b)
Start importing Assets/Scripts/Characters/RestartRunning.cs using Guid(dc875dc5de77ff64a99457345f14c040) Importer(815301076,1909f56bfc062723c751e8b465ee728b)  -> (artifact id: 'd95c21588ec59115a978c8cf6eda0ce1') in 0.006820 seconds
  Import took 0.028123 seconds .

========================================================================
Received Import Request.
  Time since last request: 0.000159 seconds.
  path: Assets/Scripts/Characters/CharacterCollider.cs
  artifactKey: Guid(5173e35522b43b644b3cb876a71640c4) Importer(815301076,1909f56bfc062723c751e8b465ee728b)
Start importing Assets/Scripts/Characters/CharacterCollider.cs using Guid(5173e35522b43b644b3cb876a71640c4) Importer(815301076,1909f56bfc062723c751e8b465ee728b)  -> (artifact id: 'e8d8f1ab656ee5385d1571729010b338') in 0.007078 seconds
  Import took 0.011074 seconds .

========================================================================
Received Import Request.
  Time since last request: 0.000196 seconds.
  path: Assets/Scripts/Characters/Character.cs
  artifactKey: Guid(397d959cc2da2684c8109d35be73c4a5) Importer(815301076,1909f56bfc062723c751e8b465ee728b)
Start importing Assets/Scripts/Characters/Character.cs using Guid(397d959cc2da2684c8109d35be73c4a5) Importer(815301076,1909f56bfc062723c751e8b465ee728b)  -> (artifact id: '8cee70f2c1410f8856f4462b8ac7073a') in 0.007187 seconds
  Import took 0.027169 seconds .

========================================================================
Received Import Request.
  Time since last request: 0.000200 seconds.
  path: Assets/Scripts/Characters/CharacterDatabase.cs
  artifactKey: Guid(4b8f80571ddc3544191bf4295c26178f) Importer(815301076,1909f56bfc062723c751e8b465ee728b)
Start importing Assets/Scripts/Characters/CharacterDatabase.cs using Guid(4b8f80571ddc3544191bf4295c26178f) Importer(815301076,1909f56bfc062723c751e8b465ee728b)  -> (artifact id: '296fbdd1c0a6d108ff06cf58c88c7606') in 0.007624 seconds
  Import took 0.011515 seconds .

========================================================================
Received Import Request.
  Time since last request: 0.000235 seconds.
  path: Assets/Scripts/Characters/RandomAnimation.cs
  artifactKey: Guid(92346bfd13418574799dcdae1ea13a4e) Importer(815301076,1909f56bfc062723c751e8b465ee728b)
Start importing Assets/Scripts/Characters/RandomAnimation.cs using Guid(92346bfd13418574799dcdae1ea13a4e) Importer(815301076,1909f56bfc062723c751e8b465ee728b)  -> (artifact id: 'ef46aefc5a0f8fe824da8ed7a25d33bb') in 0.008075 seconds
  Import took 0.012514 seconds .

========================================================================
Received Import Request.
  Time since last request: 0.000205 seconds.
  path: Assets/Scripts/Characters/CharacterInputController.cs
  artifactKey: Guid(ce47d421cd0db864a9139849f62dedeb) Importer(815301076,1909f56bfc062723c751e8b465ee728b)
Start importing Assets/Scripts/Characters/CharacterInputController.cs using Guid(ce47d421cd0db864a9139849f62dedeb) Importer(815301076,1909f56bfc062723c751e8b465ee728b)  -> (artifact id: '4cb26644b154a247336c3129aff06d95') in 0.007137 seconds
  Import took 0.011491 seconds .

========================================================================
Received Import Request.
  Time since last request: 9.164791 seconds.
  path: Assets/Scripts/GameManager/GameOverState.cs
  artifactKey: Guid(fd7e6921bbf50684692b8270dc318896) Importer(815301076,1909f56bfc062723c751e8b465ee728b)
Start importing Assets/Scripts/GameManager/GameOverState.cs using Guid(fd7e6921bbf50684692b8270dc318896) Importer(815301076,1909f56bfc062723c751e8b465ee728b)  -> (artifact id: '84a56ce997714a34c10611ec957795b3') in 0.007024 seconds
  Import took 0.011100 seconds .

========================================================================
Received Import Request.
  Time since last request: 1.076890 seconds.
  path: Assets/Scripts/GameManager/GameState.cs
  artifactKey: Guid(a98b047c94c1bd244aa98ab8962433fc) Importer(815301076,1909f56bfc062723c751e8b465ee728b)
Start importing Assets/Scripts/GameManager/GameState.cs using Guid(a98b047c94c1bd244aa98ab8962433fc) Importer(815301076,1909f56bfc062723c751e8b465ee728b)  -> (artifact id: 'c5b068273c6f8cbe9edb90ef39e3c2c3') in 0.007181 seconds
  Import took 0.011261 seconds .

========================================================================
Received Import Request.
  Time since last request: 0.030978 seconds.
  path: Assets/Scripts/GameManager/GameState.cs
  artifactKey: Guid(a98b047c94c1bd244aa98ab8962433fc) Importer(815301076,1909f56bfc062723c751e8b465ee728b)
Start importing Assets/Scripts/GameManager/GameState.cs using Guid(a98b047c94c1bd244aa98ab8962433fc) Importer(815301076,1909f56bfc062723c751e8b465ee728b)  -> (artifact id: 'c5b068273c6f8cbe9edb90ef39e3c2c3') in 0.003076 seconds
  Import took 0.007846 seconds .

========================================================================
Received Import Request.
  Time since last request: 0.800757 seconds.
  path: Assets/Scripts/GameManager/LoadoutState.cs
  artifactKey: Guid(d44710303ccf2f24ea73d3e94c1923ba) Importer(815301076,1909f56bfc062723c751e8b465ee728b)
Start importing Assets/Scripts/GameManager/LoadoutState.cs using Guid(d44710303ccf2f24ea73d3e94c1923ba) Importer(815301076,1909f56bfc062723c751e8b465ee728b)  -> (artifact id: '22bc020ff1d73f15fabcb065ce5ffd53') in 0.007434 seconds
  Import took 0.011449 seconds .

========================================================================
Received Import Request.
  Time since last request: 1.456768 seconds.
  path: Assets/Scripts/GameManager/Modifier.cs
  artifactKey: Guid(5af7c46a271373946be9520e68f0096f) Importer(815301076,1909f56bfc062723c751e8b465ee728b)
Start importing Assets/Scripts/GameManager/Modifier.cs using Guid(5af7c46a271373946be9520e68f0096f) Importer(815301076,1909f56bfc062723c751e8b465ee728b)  -> (artifact id: '39801b93bda98c71b9488422bdac2f97') in 0.007402 seconds
  Import took 0.027372 seconds .

========================================================================
Received Import Request.
  Time since last request: 0.590090 seconds.
  path: Assets/Scripts/GameManager/TutorialState.cs
  artifactKey: Guid(1493263e4d3cf8a41b7a1b61d99c503c) Importer(815301076,1909f56bfc062723c751e8b465ee728b)
Start importing Assets/Scripts/GameManager/TutorialState.cs using Guid(1493263e4d3cf8a41b7a1b61d99c503c) Importer(815301076,1909f56bfc062723c751e8b465ee728b)  -> (artifact id: 'e494a75ee4d2de668f3b83733d1b71cf') in 0.006828 seconds
  Import took 0.011265 seconds .

========================================================================
Received Import Request.
  Time since last request: 367.266237 seconds.
  path: Assets/Scripts/GameManager/GameState.cs
  artifactKey: Guid(a98b047c94c1bd244aa98ab8962433fc) Importer(815301076,1909f56bfc062723c751e8b465ee728b)
Start importing Assets/Scripts/GameManager/GameState.cs using Guid(a98b047c94c1bd244aa98ab8962433fc) Importer(815301076,1909f56bfc062723c751e8b465ee728b)  -> (artifact id: 'fc0461f2ff2cef0b2d641b3becc71baa') in 0.003231 seconds
  Import took 0.007600 seconds .

========================================================================
Received Prepare
Registering precompiled user dll's ...
Registered in 0.006039 seconds.
Begin MonoManager ReloadAssembly
Native extension for LinuxStandalone target not found
Native extension for WindowsStandalone target not found
Native extension for OSXStandalone target not found
Native extension for WebGL target not found
Refreshing native plugins compatible for Editor in 0.63 ms, found 0 plugins.
Preloading 0 native plugins for Editor in 0.00 ms.
Invoked RoslynAnalysisRunner static constructor.
RoslynAnalysisRunner will not be running.
RoslynAnalysisRunner has terminated.
Refreshing native plugins compatible for Editor in 0.84 ms, found 0 plugins.
Mono: successfully reloaded assembly
- Completed reload, in  1.106 seconds
Platform modules already initialized, skipping
Shader 'Universal Render Pipeline/Particles/Lit': fallback shader 'Universal Render Pipeline/Particles/SimpleLit' not found
Refreshing native plugins compatible for Editor in 0.96 ms, found 0 plugins.
Preloading 0 native plugins for Editor in 0.00 ms.
Unloading 2656 Unused Serialized files (Serialized files now loaded: 0)
System memory in use before: 108.3 MB.
System memory in use after: 108.5 MB.

Unloading 27 unused Assets to reduce memory usage. Loaded Objects now: 3245.
Total: 3.200800 ms (FindLiveObjects: 0.501000 ms CreateObjectMapping: 0.080800 ms MarkObjects: 2.546800 ms  DeleteObjects: 0.070800 ms)

========================================================================
Received Prepare
Registering precompiled user dll's ...
Registered in 0.005988 seconds.
Begin MonoManager ReloadAssembly
Native extension for LinuxStandalone target not found
Native extension for WindowsStandalone target not found
Native extension for OSXStandalone target not found
Native extension for WebGL target not found
Refreshing native plugins compatible for Editor in 0.60 ms, found 0 plugins.
Preloading 0 native plugins for Editor in 0.00 ms.
Invoked RoslynAnalysisRunner static constructor.
RoslynAnalysisRunner will not be running.
RoslynAnalysisRunner has terminated.
Refreshing native plugins compatible for Editor in 0.68 ms, found 0 plugins.
Mono: successfully reloaded assembly
- Completed reload, in  1.096 seconds
Platform modules already initialized, skipping
Shader 'Universal Render Pipeline/Particles/Lit': fallback shader 'Universal Render Pipeline/Particles/SimpleLit' not found
Refreshing native plugins compatible for Editor in 0.68 ms, found 0 plugins.
Preloading 0 native plugins for Editor in 0.00 ms.
Unloading 2656 Unused Serialized files (Serialized files now loaded: 0)
System memory in use before: 108.3 MB.
System memory in use after: 108.5 MB.

Unloading 27 unused Assets to reduce memory usage. Loaded Objects now: 3248.
Total: 2.723200 ms (FindLiveObjects: 0.284000 ms CreateObjectMapping: 0.066000 ms MarkObjects: 2.310300 ms  DeleteObjects: 0.061400 ms)

========================================================================
Received Prepare
Registering precompiled user dll's ...
Registered in 0.006378 seconds.
Begin MonoManager ReloadAssembly
Native extension for LinuxStandalone target not found
Native extension for WindowsStandalone target not found
Native extension for OSXStandalone target not found
Native extension for WebGL target not found
Refreshing native plugins compatible for Editor in 0.64 ms, found 0 plugins.
Preloading 0 native plugins for Editor in 0.00 ms.
Invoked RoslynAnalysisRunner static constructor.
RoslynAnalysisRunner will not be running.
RoslynAnalysisRunner has terminated.
Refreshing native plugins compatible for Editor in 0.60 ms, found 0 plugins.
Mono: successfully reloaded assembly
- Completed reload, in  1.078 seconds
Platform modules already initialized, skipping
Shader 'Universal Render Pipeline/Particles/Lit': fallback shader 'Universal Render Pipeline/Particles/SimpleLit' not found
Refreshing native plugins compatible for Editor in 0.65 ms, found 0 plugins.
Preloading 0 native plugins for Editor in 0.00 ms.
Unloading 2656 Unused Serialized files (Serialized files now loaded: 0)
System memory in use before: 108.3 MB.
System memory in use after: 108.5 MB.

Unloading 27 unused Assets to reduce memory usage. Loaded Objects now: 3251.
Total: 2.512300 ms (FindLiveObjects: 0.278300 ms CreateObjectMapping: 0.067300 ms MarkObjects: 2.093600 ms  DeleteObjects: 0.072000 ms)

========================================================================
Received Prepare
Registering precompiled user dll's ...
Registered in 0.006284 seconds.
Begin MonoManager ReloadAssembly
Native extension for LinuxStandalone target not found
Native extension for WindowsStandalone target not found
Native extension for OSXStandalone target not found
Native extension for WebGL target not found
Refreshing native plugins compatible for Editor in 0.61 ms, found 0 plugins.
Preloading 0 native plugins for Editor in 0.00 ms.
Invoked RoslynAnalysisRunner static constructor.
RoslynAnalysisRunner will not be running.
RoslynAnalysisRunner has terminated.
Refreshing native plugins compatible for Editor in 0.66 ms, found 0 plugins.
Mono: successfully reloaded assembly
- Completed reload, in  1.052 seconds
Platform modules already initialized, skipping
Shader 'Universal Render Pipeline/Particles/Lit': fallback shader 'Universal Render Pipeline/Particles/SimpleLit' not found
Refreshing native plugins compatible for Editor in 0.59 ms, found 0 plugins.
Preloading 0 native plugins for Editor in 0.00 ms.
Unloading 2656 Unused Serialized files (Serialized files now loaded: 0)
System memory in use before: 108.4 MB.
System memory in use after: 108.6 MB.

Unloading 27 unused Assets to reduce memory usage. Loaded Objects now: 3254.
Total: 2.671000 ms (FindLiveObjects: 0.403700 ms CreateObjectMapping: 0.073800 ms MarkObjects: 2.129900 ms  DeleteObjects: 0.061900 ms)

========================================================================
Received Prepare
Registering precompiled user dll's ...
Registered in 0.006095 seconds.
Begin MonoManager ReloadAssembly
Native extension for LinuxStandalone target not found
Native extension for WindowsStandalone target not found
Native extension for OSXStandalone target not found
Native extension for WebGL target not found
Refreshing native plugins compatible for Editor in 0.63 ms, found 0 plugins.
Preloading 0 native plugins for Editor in 0.00 ms.
Invoked RoslynAnalysisRunner static constructor.
RoslynAnalysisRunner will not be running.
RoslynAnalysisRunner has terminated.
Refreshing native plugins compatible for Editor in 0.90 ms, found 0 plugins.
Mono: successfully reloaded assembly
- Completed reload, in  1.056 seconds
Platform modules already initialized, skipping
Shader 'Universal Render Pipeline/Particles/Lit': fallback shader 'Universal Render Pipeline/Particles/SimpleLit' not found
Refreshing native plugins compatible for Editor in 0.59 ms, found 0 plugins.
Preloading 0 native plugins for Editor in 0.00 ms.
Unloading 2656 Unused Serialized files (Serialized files now loaded: 0)
System memory in use before: 108.4 MB.
System memory in use after: 108.6 MB.

Unloading 27 unused Assets to reduce memory usage. Loaded Objects now: 3257.
Total: 2.707800 ms (FindLiveObjects: 0.299200 ms CreateObjectMapping: 0.069900 ms MarkObjects: 2.241700 ms  DeleteObjects: 0.095800 ms)

========================================================================
Received Prepare
Registering precompiled user dll's ...
Registered in 0.005977 seconds.
Begin MonoManager ReloadAssembly
Native extension for LinuxStandalone target not found
Native extension for WindowsStandalone target not found
Native extension for OSXStandalone target not found
Native extension for WebGL target not found
Refreshing native plugins compatible for Editor in 0.64 ms, found 0 plugins.
Preloading 0 native plugins for Editor in 0.00 ms.
Invoked RoslynAnalysisRunner static constructor.
RoslynAnalysisRunner will not be running.
RoslynAnalysisRunner has terminated.
Refreshing native plugins compatible for Editor in 0.60 ms, found 0 plugins.
Mono: successfully reloaded assembly
- Completed reload, in  1.056 seconds
Platform modules already initialized, skipping
Shader 'Universal Render Pipeline/Particles/Lit': fallback shader 'Universal Render Pipeline/Particles/SimpleLit' not found
Refreshing native plugins compatible for Editor in 0.61 ms, found 0 plugins.
Preloading 0 native plugins for Editor in 0.00 ms.
Unloading 2656 Unused Serialized files (Serialized files now loaded: 0)
System memory in use before: 108.4 MB.
System memory in use after: 108.6 MB.

Unloading 27 unused Assets to reduce memory usage. Loaded Objects now: 3260.
Total: 2.316500 ms (FindLiveObjects: 0.334800 ms CreateObjectMapping: 0.086900 ms MarkObjects: 1.842400 ms  DeleteObjects: 0.051300 ms)

========================================================================
Received Prepare
Registering precompiled user dll's ...
Registered in 0.006439 seconds.
Begin MonoManager ReloadAssembly
Native extension for LinuxStandalone target not found
Native extension for WindowsStandalone target not found
Native extension for OSXStandalone target not found
Native extension for WebGL target not found
Refreshing native plugins compatible for Editor in 0.61 ms, found 0 plugins.
Preloading 0 native plugins for Editor in 0.00 ms.
Invoked RoslynAnalysisRunner static constructor.
RoslynAnalysisRunner will not be running.
RoslynAnalysisRunner has terminated.
Refreshing native plugins compatible for Editor in 0.84 ms, found 0 plugins.
Mono: successfully reloaded assembly
- Completed reload, in  1.071 seconds
Platform modules already initialized, skipping
Shader 'Universal Render Pipeline/Particles/Lit': fallback shader 'Universal Render Pipeline/Particles/SimpleLit' not found
Refreshing native plugins compatible for Editor in 0.88 ms, found 0 plugins.
Preloading 0 native plugins for Editor in 0.00 ms.
Unloading 2656 Unused Serialized files (Serialized files now loaded: 0)
System memory in use before: 108.4 MB.
System memory in use after: 108.6 MB.

Unloading 27 unused Assets to reduce memory usage. Loaded Objects now: 3263.
Total: 3.025000 ms (FindLiveObjects: 0.529700 ms CreateObjectMapping: 0.106400 ms MarkObjects: 2.311300 ms  DeleteObjects: 0.075500 ms)

========================================================================
Received Prepare
Registering precompiled user dll's ...
Registered in 0.006840 seconds.
Begin MonoManager ReloadAssembly
Native extension for LinuxStandalone target not found
Native extension for WindowsStandalone target not found
Native extension for OSXStandalone target not found
Native extension for WebGL target not found
Refreshing native plugins compatible for Editor in 0.60 ms, found 0 plugins.
Preloading 0 native plugins for Editor in 0.00 ms.
Invoked RoslynAnalysisRunner static constructor.
RoslynAnalysisRunner will not be running.
RoslynAnalysisRunner has terminated.
Refreshing native plugins compatible for Editor in 0.62 ms, found 0 plugins.
Mono: successfully reloaded assembly
- Completed reload, in  1.053 seconds
Platform modules already initialized, skipping
Shader 'Universal Render Pipeline/Particles/Lit': fallback shader 'Universal Render Pipeline/Particles/SimpleLit' not found
Refreshing native plugins compatible for Editor in 0.61 ms, found 0 plugins.
Preloading 0 native plugins for Editor in 0.00 ms.
Unloading 2656 Unused Serialized files (Serialized files now loaded: 0)
System memory in use before: 108.4 MB.
System memory in use after: 108.6 MB.

Unloading 27 unused Assets to reduce memory usage. Loaded Objects now: 3266.
Total: 2.614600 ms (FindLiveObjects: 0.405400 ms CreateObjectMapping: 0.071000 ms MarkObjects: 2.068000 ms  DeleteObjects: 0.069100 ms)

========================================================================
Received Prepare
Registering precompiled user dll's ...
Registered in 0.006170 seconds.
Begin MonoManager ReloadAssembly
Native extension for LinuxStandalone target not found
Native extension for WindowsStandalone target not found
Native extension for OSXStandalone target not found
Native extension for WebGL target not found
Refreshing native plugins compatible for Editor in 0.86 ms, found 0 plugins.
Preloading 0 native plugins for Editor in 0.00 ms.
Invoked RoslynAnalysisRunner static constructor.
RoslynAnalysisRunner will not be running.
RoslynAnalysisRunner has terminated.
Refreshing native plugins compatible for Editor in 0.66 ms, found 0 plugins.
Mono: successfully reloaded assembly
- Completed reload, in  1.107 seconds
Platform modules already initialized, skipping
Shader 'Universal Render Pipeline/Particles/Lit': fallback shader 'Universal Render Pipeline/Particles/SimpleLit' not found
Refreshing native plugins compatible for Editor in 0.60 ms, found 0 plugins.
Preloading 0 native plugins for Editor in 0.00 ms.
Unloading 2656 Unused Serialized files (Serialized files now loaded: 0)
System memory in use before: 108.5 MB.
System memory in use after: 108.7 MB.

Unloading 27 unused Assets to reduce memory usage. Loaded Objects now: 3269.
Total: 2.211900 ms (FindLiveObjects: 0.251300 ms CreateObjectMapping: 0.064200 ms MarkObjects: 1.833200 ms  DeleteObjects: 0.062500 ms)

========================================================================
Received Prepare
Registering precompiled user dll's ...
Registered in 0.009754 seconds.
Begin MonoManager ReloadAssembly
Native extension for LinuxStandalone target not found
Native extension for WindowsStandalone target not found
Native extension for OSXStandalone target not found
Native extension for WebGL target not found
Refreshing native plugins compatible for Editor in 0.61 ms, found 0 plugins.
Preloading 0 native plugins for Editor in 0.00 ms.
Invoked RoslynAnalysisRunner static constructor.
RoslynAnalysisRunner will not be running.
RoslynAnalysisRunner has terminated.
Refreshing native plugins compatible for Editor in 0.59 ms, found 0 plugins.
Mono: successfully reloaded assembly
- Completed reload, in  1.036 seconds
Platform modules already initialized, skipping
Shader 'Universal Render Pipeline/Particles/Lit': fallback shader 'Universal Render Pipeline/Particles/SimpleLit' not found
Refreshing native plugins compatible for Editor in 0.64 ms, found 0 plugins.
Preloading 0 native plugins for Editor in 0.00 ms.
Unloading 2656 Unused Serialized files (Serialized files now loaded: 0)
System memory in use before: 108.5 MB.
System memory in use after: 108.7 MB.

Unloading 27 unused Assets to reduce memory usage. Loaded Objects now: 3272.
Total: 2.715300 ms (FindLiveObjects: 0.290100 ms CreateObjectMapping: 0.067600 ms MarkObjects: 2.277600 ms  DeleteObjects: 0.078900 ms)

========================================================================
Received Prepare
Registering precompiled user dll's ...
Registered in 0.006037 seconds.
Begin MonoManager ReloadAssembly
Native extension for LinuxStandalone target not found
Native extension for WindowsStandalone target not found
Native extension for OSXStandalone target not found
Native extension for WebGL target not found
Refreshing native plugins compatible for Editor in 0.60 ms, found 0 plugins.
Preloading 0 native plugins for Editor in 0.00 ms.
Invoked RoslynAnalysisRunner static constructor.
RoslynAnalysisRunner will not be running.
RoslynAnalysisRunner has terminated.
Refreshing native plugins compatible for Editor in 0.61 ms, found 0 plugins.
Mono: successfully reloaded assembly
- Completed reload, in  1.046 seconds
Platform modules already initialized, skipping
Shader 'Universal Render Pipeline/Particles/Lit': fallback shader 'Universal Render Pipeline/Particles/SimpleLit' not found
Refreshing native plugins compatible for Editor in 0.84 ms, found 0 plugins.
Preloading 0 native plugins for Editor in 0.00 ms.
Unloading 2656 Unused Serialized files (Serialized files now loaded: 0)
System memory in use before: 108.5 MB.
System memory in use after: 108.7 MB.

Unloading 27 unused Assets to reduce memory usage. Loaded Objects now: 3275.
Total: 2.267300 ms (FindLiveObjects: 0.280500 ms CreateObjectMapping: 0.068800 ms MarkObjects: 1.861100 ms  DeleteObjects: 0.055800 ms)

========================================================================
Received Prepare
Registering precompiled user dll's ...
Registered in 0.006033 seconds.
Begin MonoManager ReloadAssembly
Native extension for LinuxStandalone target not found
Native extension for WindowsStandalone target not found
Native extension for OSXStandalone target not found
Native extension for WebGL target not found
Refreshing native plugins compatible for Editor in 0.60 ms, found 0 plugins.
Preloading 0 native plugins for Editor in 0.00 ms.
Invoked RoslynAnalysisRunner static constructor.
RoslynAnalysisRunner will not be running.
RoslynAnalysisRunner has terminated.
Refreshing native plugins compatible for Editor in 0.60 ms, found 0 plugins.
Mono: successfully reloaded assembly
- Completed reload, in  1.050 seconds
Platform modules already initialized, skipping
Shader 'Universal Render Pipeline/Particles/Lit': fallback shader 'Universal Render Pipeline/Particles/SimpleLit' not found
Refreshing native plugins compatible for Editor in 0.75 ms, found 0 plugins.
Preloading 0 native plugins for Editor in 0.00 ms.
Unloading 2656 Unused Serialized files (Serialized files now loaded: 0)
System memory in use before: 108.5 MB.
System memory in use after: 108.7 MB.

Unloading 27 unused Assets to reduce memory usage. Loaded Objects now: 3278.
Total: 2.502600 ms (FindLiveObjects: 0.307100 ms CreateObjectMapping: 0.071800 ms MarkObjects: 2.055000 ms  DeleteObjects: 0.067700 ms)

========================================================================
Received Prepare
Registering precompiled user dll's ...
Registered in 0.006032 seconds.
Begin MonoManager ReloadAssembly
Native extension for LinuxStandalone target not found
Native extension for WindowsStandalone target not found
Native extension for OSXStandalone target not found
Native extension for WebGL target not found
Refreshing native plugins compatible for Editor in 0.59 ms, found 0 plugins.
Preloading 0 native plugins for Editor in 0.00 ms.
Invoked RoslynAnalysisRunner static constructor.
RoslynAnalysisRunner will not be running.
RoslynAnalysisRunner has terminated.
Refreshing native plugins compatible for Editor in 0.68 ms, found 0 plugins.
Mono: successfully reloaded assembly
- Completed reload, in  1.055 seconds
Platform modules already initialized, skipping
Shader 'Universal Render Pipeline/Particles/Lit': fallback shader 'Universal Render Pipeline/Particles/SimpleLit' not found
Refreshing native plugins compatible for Editor in 0.64 ms, found 0 plugins.
Preloading 0 native plugins for Editor in 0.00 ms.
Unloading 2656 Unused Serialized files (Serialized files now loaded: 0)
System memory in use before: 108.5 MB.
System memory in use after: 108.7 MB.

Unloading 27 unused Assets to reduce memory usage. Loaded Objects now: 3281.
Total: 2.690100 ms (FindLiveObjects: 0.276900 ms CreateObjectMapping: 0.077700 ms MarkObjects: 2.270100 ms  DeleteObjects: 0.064500 ms)

========================================================================
Received Prepare
Registering precompiled user dll's ...
Registered in 0.006483 seconds.
Begin MonoManager ReloadAssembly
Native extension for LinuxStandalone target not found
Native extension for WindowsStandalone target not found
Native extension for OSXStandalone target not found
Native extension for WebGL target not found
Refreshing native plugins compatible for Editor in 0.59 ms, found 0 plugins.
Preloading 0 native plugins for Editor in 0.00 ms.
Invoked RoslynAnalysisRunner static constructor.
RoslynAnalysisRunner will not be running.
RoslynAnalysisRunner has terminated.
Refreshing native plugins compatible for Editor in 0.58 ms, found 0 plugins.
Mono: successfully reloaded assembly
- Completed reload, in  1.003 seconds
Platform modules already initialized, skipping
Shader 'Universal Render Pipeline/Particles/Lit': fallback shader 'Universal Render Pipeline/Particles/SimpleLit' not found
Refreshing native plugins compatible for Editor in 0.63 ms, found 0 plugins.
Preloading 0 native plugins for Editor in 0.00 ms.
Unloading 2656 Unused Serialized files (Serialized files now loaded: 0)
System memory in use before: 108.5 MB.
System memory in use after: 108.7 MB.

Unloading 27 unused Assets to reduce memory usage. Loaded Objects now: 3284.
Total: 2.279900 ms (FindLiveObjects: 0.259900 ms CreateObjectMapping: 0.068100 ms MarkObjects: 1.892500 ms  DeleteObjects: 0.058000 ms)

AssetImportWorkerClient::OnTransportError - code=2 error=End of file
